<?xml version="1.0" encoding="UTF-8"?>
<!-- Generated by org.testng.reporters.JUnitReportReporter -->
<testsuite hostname="Vaibhavs-MacBook-Air.local" failures="0" tests="2" name="Automation.Tests.ValidateLoginTest" time="31.477" errors="0" timestamp="2025-05-23T13:05:23 IST" skipped="0">
  <testcase classname="Automation.Tests.ValidateLoginTest" name="ValidLogin" time="17.080"/>
  <testcase classname="Automation.Tests.ValidateLoginTest" name="ValidLogin" time="14.397"/>
</testsuite> <!-- Automation.Tests.ValidateLoginTest -->
