<?xml version="1.0" encoding="UTF-8"?>
<!-- Generated by org.testng.reporters.JUnitReportReporter -->
<testsuite hostname="Vaibhavs-MacBook-Air.local" failures="0" tests="2" name="Automation.Tests.ValidateLoginTest" time="34.267" errors="0" timestamp="2025-05-23T13:42:20 IST" skipped="0">
  <testcase classname="Automation.Tests.ValidateLoginTest" name="ValidLogin" time="17.612"/>
  <testcase classname="Automation.Tests.ValidateLoginTest" name="ValidLogin" time="16.655"/>
</testsuite> <!-- Automation.Tests.ValidateLoginTest -->
